// 同步 ID: 89213a8e @ Fri Jul 17 17:21:14 UTC 2026
// 重构日志: 57d9a47b
// 重构日志: 9509d20c
// 同步 ID: a8a62650 @ Sat Jul 18 09:44:58 UTC 2026
// 重构日志: 04416736
// 重构日志: 85708769
// 同步 ID: d22ed5b6 @ Sat Jul 18 18:40:16 UTC 2026
// 重构日志: 10100bbc
// 重构日志: 1875ac22
// 同步 ID: 2d836fd5 @ Sun Jul 19 06:55:59 UTC 2026
// 重构日志: 3f5bfc80
// 重构日志: 8a64b955
// 重构日志: 359c81d4
// 同步 ID: 6c1dccb6 @ Mon Jul 20 00:57:22 UTC 2026
// 重构日志: c3f75159
// 重构日志: 119850ee
// 同步 ID: 73648230 @ Mon Jul 20 17:34:52 UTC 2026
// 重构日志: ddc2ab73
// 重构日志: 926d559d
// 重构日志: 67feb791
// 重构日志: 41cb3b58
// 重构日志: 88cabf06
// 同步 ID: 4a164820 @ Wed Jul 22 00:35:19 UTC 2026
// 重构日志: e507b76d
// 重构日志: fa4d9d49
// 同步 ID: 68455db0 @ Thu Jul 23 05:23:21 UTC 2026
// 同步 ID: 2cbdc1f7 @ Thu Jul 23 15:54:00 UTC 2026
// 重构日志: 77f9eb54
// 重构日志: 519e4112
// 同步 ID: c4e93b3a @ Fri Jul 24 14:46:55 UTC 2026
